<?xml version="1.0" encoding="UTF-8"?>
<testng-results ignored="0" total="1" passed="0" failed="1" skipped="0">
  <reporter-output>
    <line>
      <![CDATA[System Setting up]]>
    </line>
    <line>
      <![CDATA[System Set up done]]>
    </line>
    <line>
      <![CDATA[Launching the Browser]]>
    </line>
    <line>
      <![CDATA[Browser launch is Succesful]]>
    </line>
    <line>
      <![CDATA[Extent Reports are starting to generate]]>
    </line>
    <line>
      <![CDATA[Take Screenshot ---> Reort generated]]>
    </line>
    <line>
      <![CDATA[Trying to close the Browser]]>
    </line>
    <line>
      <![CDATA[Browser Closed Succesfully]]>
    </line>
  </reporter-output>
  <suite started-at="2021-07-22T12:09:35 IST" name="Suite" finished-at="2021-07-22T12:09:48 IST" duration-ms="12948">
    <groups>
    </groups>
    <test started-at="2021-07-22T12:09:35 IST" name="Test" finished-at="2021-07-22T12:09:48 IST" duration-ms="12948">
      <class name="com.testcases.TC01_LoginCRM">
        <test-method is-config="true" signature="startUpSuite()[pri:0, instance:com.testcases.TC01_LoginCRM@15eb5ee5]" started-at="2021-07-22T12:09:35 IST" name="startUpSuite" finished-at="2021-07-22T12:09:35 IST" duration-ms="540" status="PASS">
          <reporter-output>
            <line>
              <![CDATA[System Setting up]]>
            </line>
            <line>
              <![CDATA[System Set up done]]>
            </line>
          </reporter-output>
        </test-method> <!-- startUpSuite -->
        <test-method is-config="true" signature="startUp()[pri:0, instance:com.testcases.TC01_LoginCRM@15eb5ee5]" started-at="2021-07-22T12:09:35 IST" name="startUp" finished-at="2021-07-22T12:09:45 IST" duration-ms="9770" status="PASS">
          <reporter-output>
            <line>
              <![CDATA[Launching the Browser]]>
            </line>
            <line>
              <![CDATA[Browser launch is Succesful]]>
            </line>
          </reporter-output>
        </test-method> <!-- startUp -->
        <test-method signature="loginCRM()[pri:0, instance:com.testcases.TC01_LoginCRM@15eb5ee5]" started-at="2021-07-22T12:09:45 IST" name="loginCRM" finished-at="2021-07-22T12:09:46 IST" duration-ms="1360" status="FAIL">
          <exception class="org.openqa.selenium.ElementClickInterceptedException">
            <message>
              <![CDATA[element click intercepted: Element <input type="submit" value="Login" class="btn btn-small"> is not clickable at point (1267, 116). Other element would receive the click: <iframe scrolling="no" frameborder="0" style="border: 0px; height: 50px; width: 48px; left: 1239px; top: 75px; z-index: 2147483647; position: absolute;" src="https://gc.kis.v2.scr.kaspersky-labs.com/E3E8934C-235A-4B0E-825A-35A08381A191/kpm/kpm_promo_balloon.html?cssSrc=https%3A%2F%2Fgc.kis.v2.scr.kaspersky-labs.com%2FE3E8934C-235A-4B0E-825A-35A08381A191%2Fkpm%2Ftooltip.css"></iframe>
  (Session info: chrome=91.0.4472.124)
Build info: version: '3.141.59', revision: 'e82be7d358', time: '2018-11-14T08:17:03'
System info: host: 'LAPTOP-B573TS52', ip: '192.168.1.101', os.name: 'Windows 10', os.arch: 'amd64', os.version: '10.0', java.version: '13.0.2'
Driver info: org.openqa.selenium.chrome.ChromeDriver
Capabilities {acceptInsecureCerts: false, browserName: chrome, browserVersion: 91.0.4472.124, chrome: {chromedriverVersion: 90.0.4430.24 (4c6d850f087da..., userDataDir: C:\Users\91978\AppData\Loca...}, goog:chromeOptions: {debuggerAddress: localhost:62532}, javascriptEnabled: true, networkConnectionEnabled: false, pageLoadStrategy: normal, platform: WINDOWS, platformName: WINDOWS, proxy: Proxy(), setWindowRect: true, strictFileInteractability: false, timeouts: {implicit: 0, pageLoad: 300000, script: 30000}, unhandledPromptBehavior: dismiss and notify, webauthn:extension:largeBlob: true, webauthn:virtualAuthenticators: true}
Session ID: 2bd162fdfd8a0879e4d4c184be1ffcd7]]>
            </message>
            <full-stacktrace>
              <![CDATA[org.openqa.selenium.ElementClickInterceptedException: element click intercepted: Element <input type="submit" value="Login" class="btn btn-small"> is not clickable at point (1267, 116). Other element would receive the click: <iframe scrolling="no" frameborder="0" style="border: 0px; height: 50px; width: 48px; left: 1239px; top: 75px; z-index: 2147483647; position: absolute;" src="https://gc.kis.v2.scr.kaspersky-labs.com/E3E8934C-235A-4B0E-825A-35A08381A191/kpm/kpm_promo_balloon.html?cssSrc=https%3A%2F%2Fgc.kis.v2.scr.kaspersky-labs.com%2FE3E8934C-235A-4B0E-825A-35A08381A191%2Fkpm%2Ftooltip.css"></iframe>
  (Session info: chrome=91.0.4472.124)
Build info: version: '3.141.59', revision: 'e82be7d358', time: '2018-11-14T08:17:03'
System info: host: 'LAPTOP-B573TS52', ip: '192.168.1.101', os.name: 'Windows 10', os.arch: 'amd64', os.version: '10.0', java.version: '13.0.2'
Driver info: org.openqa.selenium.chrome.ChromeDriver
Capabilities {acceptInsecureCerts: false, browserName: chrome, browserVersion: 91.0.4472.124, chrome: {chromedriverVersion: 90.0.4430.24 (4c6d850f087da..., userDataDir: C:\Users\91978\AppData\Loca...}, goog:chromeOptions: {debuggerAddress: localhost:62532}, javascriptEnabled: true, networkConnectionEnabled: false, pageLoadStrategy: normal, platform: WINDOWS, platformName: WINDOWS, proxy: Proxy(), setWindowRect: true, strictFileInteractability: false, timeouts: {implicit: 0, pageLoad: 300000, script: 30000}, unhandledPromptBehavior: dismiss and notify, webauthn:extension:largeBlob: true, webauthn:virtualAuthenticators: true}
Session ID: 2bd162fdfd8a0879e4d4c184be1ffcd7
at java.base/jdk.internal.reflect.NativeConstructorAccessorImpl.newInstance0(Native Method)
at java.base/jdk.internal.reflect.NativeConstructorAccessorImpl.newInstance(NativeConstructorAccessorImpl.java:62)
at java.base/jdk.internal.reflect.DelegatingConstructorAccessorImpl.newInstance(DelegatingConstructorAccessorImpl.java:45)
at java.base/java.lang.reflect.Constructor.newInstanceWithCaller(Constructor.java:500)
at java.base/java.lang.reflect.Constructor.newInstance(Constructor.java:481)
at org.openqa.selenium.remote.http.W3CHttpResponseCodec.createException(W3CHttpResponseCodec.java:187)
at org.openqa.selenium.remote.http.W3CHttpResponseCodec.decode(W3CHttpResponseCodec.java:122)
at org.openqa.selenium.remote.http.W3CHttpResponseCodec.decode(W3CHttpResponseCodec.java:49)
at org.openqa.selenium.remote.HttpCommandExecutor.execute(HttpCommandExecutor.java:158)
at org.openqa.selenium.remote.service.DriverCommandExecutor.execute(DriverCommandExecutor.java:83)
at org.openqa.selenium.remote.RemoteWebDriver.execute(RemoteWebDriver.java:552)
at org.openqa.selenium.remote.RemoteWebElement.execute(RemoteWebElement.java:285)
at org.openqa.selenium.remote.RemoteWebElement.click(RemoteWebElement.java:84)
at java.base/jdk.internal.reflect.NativeMethodAccessorImpl.invoke0(Native Method)
at java.base/jdk.internal.reflect.NativeMethodAccessorImpl.invoke(NativeMethodAccessorImpl.java:62)
at java.base/jdk.internal.reflect.DelegatingMethodAccessorImpl.invoke(DelegatingMethodAccessorImpl.java:43)
at java.base/java.lang.reflect.Method.invoke(Method.java:567)
at org.openqa.selenium.support.pagefactory.internal.LocatingElementHandler.invoke(LocatingElementHandler.java:51)
at com.sun.proxy.$Proxy14.click(Unknown Source)
at com.pages.LoginPage.loginApplication(LoginPage.java:34)
at com.testcases.TC01_LoginCRM.loginCRM(TC01_LoginCRM.java:28)
at java.base/jdk.internal.reflect.NativeMethodAccessorImpl.invoke0(Native Method)
at java.base/jdk.internal.reflect.NativeMethodAccessorImpl.invoke(NativeMethodAccessorImpl.java:62)
at java.base/jdk.internal.reflect.DelegatingMethodAccessorImpl.invoke(DelegatingMethodAccessorImpl.java:43)
at java.base/java.lang.reflect.Method.invoke(Method.java:567)
at org.testng.internal.MethodInvocationHelper.invokeMethod(MethodInvocationHelper.java:133)
at org.testng.internal.TestInvoker.invokeMethod(TestInvoker.java:598)
at org.testng.internal.TestInvoker.invokeTestMethod(TestInvoker.java:173)
at org.testng.internal.MethodRunner.runInSequence(MethodRunner.java:46)
at org.testng.internal.TestInvoker$MethodInvocationAgent.invoke(TestInvoker.java:824)
at org.testng.internal.TestInvoker.invokeTestMethods(TestInvoker.java:146)
at org.testng.internal.TestMethodWorker.invokeTestMethods(TestMethodWorker.java:146)
at org.testng.internal.TestMethodWorker.run(TestMethodWorker.java:128)
at java.base/java.util.ArrayList.forEach(ArrayList.java:1507)
at org.testng.TestRunner.privateRun(TestRunner.java:794)
at org.testng.TestRunner.run(TestRunner.java:596)
at org.testng.SuiteRunner.runTest(SuiteRunner.java:377)
at org.testng.SuiteRunner.runSequentially(SuiteRunner.java:371)
at org.testng.SuiteRunner.privateRun(SuiteRunner.java:332)
at org.testng.SuiteRunner.run(SuiteRunner.java:276)
at org.testng.SuiteRunnerWorker.runSuite(SuiteRunnerWorker.java:53)
at org.testng.SuiteRunnerWorker.run(SuiteRunnerWorker.java:96)
at org.testng.TestNG.runSuitesSequentially(TestNG.java:1212)
at org.testng.TestNG.runSuitesLocally(TestNG.java:1134)
at org.testng.TestNG.runSuites(TestNG.java:1063)
at org.testng.TestNG.run(TestNG.java:1031)
at org.testng.remote.AbstractRemoteTestNG.run(AbstractRemoteTestNG.java:115)
at org.testng.remote.RemoteTestNG.initAndRun(RemoteTestNG.java:251)
at org.testng.remote.RemoteTestNG.main(RemoteTestNG.java:77)
]]>
            </full-stacktrace>
          </exception> <!-- org.openqa.selenium.ElementClickInterceptedException -->
          <reporter-output>
          </reporter-output>
        </test-method> <!-- loginCRM -->
        <test-method is-config="true" signature="tearDowmMethod(org.testng.ITestResult)[pri:0, instance:com.testcases.TC01_LoginCRM@15eb5ee5]" started-at="2021-07-22T12:09:46 IST" name="tearDowmMethod" finished-at="2021-07-22T12:09:48 IST" duration-ms="1103" status="PASS">
          <params>
            <param index="0">
              <value>
                <![CDATA[[TestResult name=loginCRM status=FAILURE method=TC01_LoginCRM.loginCRM()[pri:0, instance:com.testcases.TC01_LoginCRM@15eb5ee5] output={null}]]]>
              </value>
            </param>
          </params>
          <reporter-output>
            <line>
              <![CDATA[Extent Reports are starting to generate]]>
            </line>
            <line>
              <![CDATA[Take Screenshot ---> Reort generated]]>
            </line>
          </reporter-output>
        </test-method> <!-- tearDowmMethod -->
        <test-method is-config="true" signature="tearDown()[pri:0, instance:com.testcases.TC01_LoginCRM@15eb5ee5]" started-at="2021-07-22T12:09:48 IST" name="tearDown" finished-at="2021-07-22T12:09:48 IST" duration-ms="680" status="PASS">
          <reporter-output>
            <line>
              <![CDATA[Trying to close the Browser]]>
            </line>
            <line>
              <![CDATA[Browser Closed Succesfully]]>
            </line>
          </reporter-output>
        </test-method> <!-- tearDown -->
      </class> <!-- com.testcases.TC01_LoginCRM -->
    </test> <!-- Test -->
  </suite> <!-- Suite -->
</testng-results>
